[debug] [2020-03-20T10:32:08.197Z] ----------------------------------------------------------------------
[debug] [2020-03-20T10:32:08.199Z] Command:       C:\Program Files\nodejs\node.exe C:\Users\PC\AppData\Roaming\npm\node_modules\firebase-tools\lib\bin\firebase.js init
[debug] [2020-03-20T10:32:08.199Z] CLI Version:   7.15.1
[debug] [2020-03-20T10:32:08.200Z] Platform:      win32
[debug] [2020-03-20T10:32:08.200Z] Node Version:  v10.16.0
[debug] [2020-03-20T10:32:08.201Z] Time:          Fri Mar 20 2020 17:32:08 GMT+0700 (Indochina Time)
[debug] [2020-03-20T10:32:08.201Z] ----------------------------------------------------------------------
[debug] [2020-03-20T10:32:08.201Z] 
[debug] [2020-03-20T10:32:08.209Z] > command requires scopes: ["email","openid","https://www.googleapis.com/auth/cloudplatformprojects.readonly","https://www.googleapis.com/auth/firebase","https://www.googleapis.com/auth/cloud-platform"]
[debug] [2020-03-20T10:32:08.209Z] > authorizing via signed-in user
[info] 
     ######## #### ########  ######## ########     ###     ######  ########
     ##        ##  ##     ## ##       ##     ##  ##   ##  ##       ##
     ######    ##  ########  ######   ########  #########  ######  ######
     ##        ##  ##    ##  ##       ##     ## ##     ##       ## ##
     ##       #### ##     ## ######## ########  ##     ##  ######  ########

You're about to initialize a Firebase project in this directory:

  C:\xampp\htdocs\magic_mouse

Before we get started, keep in mind:

  * You are currently outside your home directory

